<?xml version="1.0" encoding="UTF-8"?>
<!-- Generated by org.testng.reporters.JUnitReportReporter -->
<testsuite hostname="LAPTOP-4SQA3NV4" failures="0" tests="1" name="bharath9626.ExtentReport.ExtentReoportdemo" time="9.859" errors="0" timestamp="2022-09-16T17:28:37 IST" skipped="0">
  <testcase classname="bharath9626.ExtentReport.ExtentReoportdemo" name="initialDemo" time="9.859"/>
  <system-out/>
</testsuite> <!-- bharath9626.ExtentReport.ExtentReoportdemo -->
